<?xml version="1.0" encoding="UTF-8"?>
<!-- Generated by org.testng.reporters.JUnitReportReporter -->
<testsuite hostname="DESKTOP-9E5ICTO" name="practice.testNG" tests="3" failures="0" timestamp="5 Dec 2019 19:41:44 GMT" time="0.020" errors="0">
  <testcase name="test2" time="0.003" classname="practice.testNG"/>
  <testcase name="test3" time="0.004" classname="practice.testNG"/>
  <testcase name="test1" time="0.013" classname="practice.testNG"/>
</testsuite> <!-- practice.testNG -->
