<?xml version="1.0" encoding="UTF-8"?>
<!-- Generated by org.testng.reporters.JUnitReportReporter -->
<testsuite skipped="0" hostname="DESKTOP-9E5ICTO" name="practice.Window_handle" tests="1" failures="0" timestamp="02 Dec 2019 07:50:23 GMT" time="19.652" errors="0">
  <testcase name="halfebayregistrationpage" time="19.652" classname="practice.Window_handle"/>
</testsuite> <!-- practice.Window_handle -->
